# JRE version: OpenJDK Runtime Environment (8.0_152-b06) (build 1.8.0_152-release-1136-b06)
# Java VM: OpenJDK 64-Bit Server VM (25.152-b06 mixed mode linux-amd64 compressed oops)
Heap:
 PSYoungGen      total 327168K, used 55539K [0x00000000e0000000, 0x00000000f7b00000, 0x0000000100000000)
  eden space 266240K, 0% used [0x00000000e0000000,0x00000000e0000000,0x00000000f0400000)
  from space 60928K, 91% used [0x00000000f0400000,0x00000000f3a3cf80,0x00000000f3f80000)
  to   space 60416K, 0% used [0x00000000f4000000,0x00000000f4000000,0x00000000f7b00000)
 ParOldGen       total 132096K, used 80269K [0x00000000a0000000, 0x00000000a8100000, 0x00000000e0000000)
  object space 132096K, 60% used [0x00000000a0000000,0x00000000a4e63478,0x00000000a8100000)
 Metaspace       used 65729K, capacity 67660K, committed 67888K, reserved 1110016K
  class space    used 7653K, capacity 8129K, committed 8240K, reserved 1048576K
GC Heap History (10 events):
Event: 1337,734 GC heap after
Heap after GC invocations=16 (full 3):
 PSYoungGen      total 170496K, used 10946K [0x00000000e0000000, 0x00000000ef480000, 0x0000000100000000)
  eden space 136192K, 0% used [0x00000000e0000000,0x00000000e0000000,0x00000000e8500000)
  from space 34304K, 31% used [0x00000000e8500000,0x00000000e8fb0a00,0x00000000ea680000)
  to   space 32768K, 0% used [0x00000000ed480000,0x00000000ed480000,0x00000000ef480000)
 ParOldGen       total 86528K, used 43214K [0x00000000a0000000, 0x00000000a5480000, 0x00000000e0000000)
  object space 86528K, 49% used [0x00000000a0000000,0x00000000a2a33a40,0x00000000a5480000)
 Metaspace       used 52399K, capacity 53470K, committed 53936K, reserved 1097728K
  class space    used 6281K, capacity 6562K, committed 6576K, reserved 1048576K
}
Event: 1341,613 GC heap before
{Heap before GC invocations=17 (full 3):
 PSYoungGen      total 170496K, used 147138K [0x00000000e0000000, 0x00000000ef480000, 0x0000000100000000)
  eden space 136192K, 100% used [0x00000000e0000000,0x00000000e8500000,0x00000000e8500000)
  from space 34304K, 31% used [0x00000000e8500000,0x00000000e8fb0a00,0x00000000ea680000)
  to   space 32768K, 0% used [0x00000000ed480000,0x00000000ed480000,0x00000000ef480000)
 ParOldGen       total 86528K, used 43214K [0x00000000a0000000, 0x00000000a5480000, 0x00000000e0000000)
  object space 86528K, 49% used [0x00000000a0000000,0x00000000a2a33a40,0x00000000a5480000)
 Metaspace       used 53736K, capacity 54924K, committed 55472K, reserved 1097728K
  class space    used 6403K, capacity 6707K, committed 6832K, reserved 1048576K
Event: 1342,728 GC heap after
Heap after GC invocations=17 (full 3):
 PSYoungGen      total 206336K, used 32745K [0x00000000e0000000, 0x00000000f1980000, 0x0000000100000000)
  eden space 173568K, 0% used [0x00000000e0000000,0x00000000e0000000,0x00000000ea980000)
  from space 32768K, 99% used [0x00000000ed480000,0x00000000ef47a4a8,0x00000000ef480000)
  to   space 44032K, 0% used [0x00000000ea980000,0x00000000ea980000,0x00000000ed480000)
 ParOldGen       total 86528K, used 59222K [0x00000000a0000000, 0x00000000a5480000, 0x00000000e0000000)
  object space 86528K, 68% used [0x00000000a0000000,0x00000000a39d5b38,0x00000000a5480000)
 Metaspace       used 53736K, capacity 54924K, committed 55472K, reserved 1097728K
  class space    used 6403K, capacity 6707K, committed 6832K, reserved 1048576K
}
Event: 1345,648 GC heap before
{Heap before GC invocations=18 (full 3):
 PSYoungGen      total 206336K, used 206313K [0x00000000e0000000, 0x00000000f1980000, 0x0000000100000000)
  eden space 173568K, 100% used [0x00000000e0000000,0x00000000ea980000,0x00000000ea980000)
  from space 32768K, 99% used [0x00000000ed480000,0x00000000ef47a4a8,0x00000000ef480000)
  to   space 44032K, 0% used [0x00000000ea980000,0x00000000ea980000,0x00000000ed480000)
 ParOldGen       total 86528K, used 59222K [0x00000000a0000000, 0x00000000a5480000, 0x00000000e0000000)
  object space 86528K, 68% used [0x00000000a0000000,0x00000000a39d5b38,0x00000000a5480000)
 Metaspace       used 55043K, capacity 56222K, committed 56752K, reserved 1099776K
  class space    used 6461K, capacity 6750K, committed 6832K, reserved 1048576K
Event: 1348,032 GC heap after
Heap after GC invocations=18 (full 3):
 PSYoungGen      total 217600K, used 44010K [0x00000000e0000000, 0x00000000f7c00000, 0x0000000100000000)
  eden space 173568K, 0% used [0x00000000e0000000,0x00000000e0000000,0x00000000ea980000)
  from space 44032K, 99% used [0x00000000ea980000,0x00000000ed47a930,0x00000000ed480000)
  to   space 61440K, 0% used [0x00000000f4000000,0x00000000f4000000,0x00000000f7c00000)
 ParOldGen       total 88064K, used 87982K [0x00000000a0000000, 0x00000000a5600000, 0x00000000e0000000)
  object space 88064K, 99% used [0x00000000a0000000,0x00000000a55eba10,0x00000000a5600000)
 Metaspace       used 55043K, capacity 56222K, committed 56752K, reserved 1099776K
  class space    used 6461K, capacity 6750K, committed 6832K, reserved 1048576K
}
Event: 1348,032 GC heap before
{Heap before GC invocations=19 (full 4):
 PSYoungGen      total 217600K, used 44010K [0x00000000e0000000, 0x00000000f7c00000, 0x0000000100000000)
  eden space 173568K, 0% used [0x00000000e0000000,0x00000000e0000000,0x00000000ea980000)
  from space 44032K, 99% used [0x00000000ea980000,0x00000000ed47a930,0x00000000ed480000)
  to   space 61440K, 0% used [0x00000000f4000000,0x00000000f4000000,0x00000000f7c00000)
 ParOldGen       total 88064K, used 87982K [0x00000000a0000000, 0x00000000a5600000, 0x00000000e0000000)
  object space 88064K, 99% used [0x00000000a0000000,0x00000000a55eba10,0x00000000a5600000)
 Metaspace       used 55043K, capacity 56222K, committed 56752K, reserved 1099776K
  class space    used 6461K, capacity 6750K, committed 6832K, reserved 1048576K
Event: 1350,657 GC heap after
Heap after GC invocations=19 (full 4):
 PSYoungGen      total 217600K, used 0K [0x00000000e0000000, 0x00000000f7c00000, 0x0000000100000000)
  eden space 173568K, 0% used [0x00000000e0000000,0x00000000e0000000,0x00000000ea980000)
  from space 44032K, 0% used [0x00000000ea980000,0x00000000ea980000,0x00000000ed480000)
  to   space 61440K, 0% used [0x00000000f4000000,0x00000000f4000000,0x00000000f7c00000)
 ParOldGen       total 132096K, used 63371K [0x00000000a0000000, 0x00000000a8100000, 0x00000000e0000000)
  object space 132096K, 47% used [0x00000000a0000000,0x00000000a3de2df8,0x00000000a8100000)
 Metaspace       used 54810K, capacity 55918K, committed 56752K, reserved 1099776K
  class space    used 6439K, capacity 6710K, committed 6832K, reserved 1048576K
}
Event: 1354,333 GC heap before
{Heap before GC invocations=20 (full 4):
 PSYoungGen      total 217600K, used 173568K [0x00000000e0000000, 0x00000000f7c00000, 0x0000000100000000)
  eden space 173568K, 100% used [0x00000000e0000000,0x00000000ea980000,0x00000000ea980000)
  from space 44032K, 0% used [0x00000000ea980000,0x00000000ea980000,0x00000000ed480000)
  to   space 61440K, 0% used [0x00000000f4000000,0x00000000f4000000,0x00000000f7c00000)
 ParOldGen       total 132096K, used 63371K [0x00000000a0000000, 0x00000000a8100000, 0x00000000e0000000)
  object space 132096K, 47% used [0x00000000a0000000,0x00000000a3de2df8,0x00000000a8100000)
 Metaspace       used 57431K, capacity 58670K, committed 59056K, reserved 1101824K
  class space    used 6722K, capacity 7032K, committed 7088K, reserved 1048576K
Event: 1354,486 GC heap after
Heap after GC invocations=20 (full 4):
 PSYoungGen      total 326656K, used 32081K [0x00000000e0000000, 0x00000000f7b00000, 0x0000000100000000)
  eden space 266240K, 0% used [0x00000000e0000000,0x00000000e0000000,0x00000000f0400000)
  from space 60416K, 53% used [0x00000000f4000000,0x00000000f5f54500,0x00000000f7b00000)
  to   space 60928K, 0% used [0x00000000f0400000,0x00000000f0400000,0x00000000f3f80000)
 ParOldGen       total 132096K, used 63379K [0x00000000a0000000, 0x00000000a8100000, 0x00000000e0000000)
  object space 132096K, 47% used [0x00000000a0000000,0x00000000a3de4df8,0x00000000a8100000)
 Metaspace       used 57431K, capacity 58670K, committed 59056K, reserved 1101824K
  class space    used 6722K, capacity 7032K, committed 7088K, reserved 1048576K
}
Event: 1452,617 GC heap before
{Heap before GC invocations=21 (full 4):
 PSYoungGen      total 326656K, used 298321K [0x00000000e0000000, 0x00000000f7b00000, 0x0000000100000000)
  eden space 266240K, 100% used [0x00000000e0000000,0x00000000f0400000,0x00000000f0400000)
  from space 60416K, 53% used [0x00000000f4000000,0x00000000f5f54500,0x00000000f7b00000)
  to   space 60928K, 0% used [0x00000000f0400000,0x00000000f0400000,0x00000000f3f80000)
 ParOldGen       total 132096K, used 63379K [0x00000000a0000000, 0x00000000a8100000, 0x00000000e0000000)
  object space 132096K, 47% used [0x00000000a0000000,0x00000000a3de4df8,0x00000000a8100000)
 Metaspace       used 65729K, capacity 67660K, committed 67888K, reserved 1110016K
  class space    used 7653K, capacity 8129K, committed 8240K, reserved 1048576K

