# JRE version: OpenJDK Runtime Environment (8.0_152-b06) (build 1.8.0_152-release-1136-b06)
# Java VM: OpenJDK 64-Bit Server VM (25.152-b06 mixed mode linux-amd64 compressed oops)
Heap:
 PSYoungGen      total 365056K, used 38316K [0x00000000e0000000, 0x00000000f9700000, 0x0000000100000000)
  eden space 313344K, 0% used [0x00000000e0000000,0x00000000e0000000,0x00000000f3200000)
  from space 51712K, 74% used [0x00000000f3200000,0x00000000f576b180,0x00000000f6480000)
  to   space 44032K, 0% used [0x00000000f6c00000,0x00000000f6c00000,0x00000000f9700000)
 ParOldGen       total 143872K, used 100704K [0x00000000a0000000, 0x00000000a8c80000, 0x00000000e0000000)
  object space 143872K, 69% used [0x00000000a0000000,0x00000000a6258190,0x00000000a8c80000)
 Metaspace       used 73842K, capacity 76548K, committed 76800K, reserved 1118208K
  class space    used 8296K, capacity 8947K, committed 8960K, reserved 1048576K
GC Heap History (10 events):
Event: 3819,672 GC heap after
Heap after GC invocations=23 (full 5):
 PSYoungGen      total 247808K, used 33774K [0x00000000e0000000, 0x00000000f2e00000, 0x0000000100000000)
  eden space 214016K, 0% used [0x00000000e0000000,0x00000000e0000000,0x00000000ed100000)
  from space 33792K, 99% used [0x00000000f0100000,0x00000000f21fba70,0x00000000f2200000)
  to   space 47616K, 0% used [0x00000000ed100000,0x00000000ed100000,0x00000000eff80000)
 ParOldGen       total 143872K, used 42626K [0x00000000a0000000, 0x00000000a8c80000, 0x00000000e0000000)
  object space 143872K, 29% used [0x00000000a0000000,0x00000000a29a0ab0,0x00000000a8c80000)
 Metaspace       used 63850K, capacity 65108K, committed 65280K, reserved 1107968K
  class space    used 7339K, capacity 7655K, committed 7680K, reserved 1048576K
}
Event: 3927,607 GC heap before
{Heap before GC invocations=24 (full 5):
 PSYoungGen      total 247808K, used 247790K [0x00000000e0000000, 0x00000000f2e00000, 0x0000000100000000)
  eden space 214016K, 100% used [0x00000000e0000000,0x00000000ed100000,0x00000000ed100000)
  from space 33792K, 99% used [0x00000000f0100000,0x00000000f21fba70,0x00000000f2200000)
  to   space 47616K, 0% used [0x00000000ed100000,0x00000000ed100000,0x00000000eff80000)
 ParOldGen       total 143872K, used 42626K [0x00000000a0000000, 0x00000000a8c80000, 0x00000000e0000000)
  object space 143872K, 29% used [0x00000000a0000000,0x00000000a29a0ab0,0x00000000a8c80000)
 Metaspace       used 66059K, capacity 67546K, committed 67584K, reserved 1110016K
  class space    used 7537K, capacity 7902K, committed 7936K, reserved 1048576K
Event: 3928,005 GC heap after
Heap after GC invocations=24 (full 5):
 PSYoungGen      total 261632K, used 13572K [0x00000000e0000000, 0x00000000f5880000, 0x0000000100000000)
  eden space 214016K, 0% used [0x00000000e0000000,0x00000000e0000000,0x00000000ed100000)
  from space 47616K, 28% used [0x00000000ed100000,0x00000000ede41118,0x00000000eff80000)
  to   space 45568K, 0% used [0x00000000f2c00000,0x00000000f2c00000,0x00000000f5880000)
 ParOldGen       total 143872K, used 76038K [0x00000000a0000000, 0x00000000a8c80000, 0x00000000e0000000)
  object space 143872K, 52% used [0x00000000a0000000,0x00000000a4a419a0,0x00000000a8c80000)
 Metaspace       used 66059K, capacity 67546K, committed 67584K, reserved 1110016K
  class space    used 7537K, capacity 7902K, committed 7936K, reserved 1048576K
}
Event: 3930,155 GC heap before
{Heap before GC invocations=25 (full 5):
 PSYoungGen      total 261632K, used 225714K [0x00000000e0000000, 0x00000000f5880000, 0x0000000100000000)
  eden space 214016K, 99% used [0x00000000e0000000,0x00000000ecf2b9c0,0x00000000ed100000)
  from space 47616K, 28% used [0x00000000ed100000,0x00000000ede41118,0x00000000eff80000)
  to   space 45568K, 0% used [0x00000000f2c00000,0x00000000f2c00000,0x00000000f5880000)
 ParOldGen       total 143872K, used 76038K [0x00000000a0000000, 0x00000000a8c80000, 0x00000000e0000000)
  object space 143872K, 52% used [0x00000000a0000000,0x00000000a4a419a0,0x00000000a8c80000)
 Metaspace       used 67184K, capacity 68760K, committed 68992K, reserved 1110016K
  class space    used 7652K, capacity 8043K, committed 8064K, reserved 1048576K
Event: 3930,380 GC heap after
Heap after GC invocations=25 (full 5):
 PSYoungGen      total 307200K, used 25888K [0x00000000e0000000, 0x00000000f5e00000, 0x0000000100000000)
  eden space 261632K, 0% used [0x00000000e0000000,0x00000000e0000000,0x00000000eff80000)
  from space 45568K, 56% used [0x00000000f2c00000,0x00000000f4548298,0x00000000f5880000)
  to   space 45568K, 0% used [0x00000000eff80000,0x00000000eff80000,0x00000000f2c00000)
 ParOldGen       total 143872K, used 81077K [0x00000000a0000000, 0x00000000a8c80000, 0x00000000e0000000)
  object space 143872K, 56% used [0x00000000a0000000,0x00000000a4f2d5f0,0x00000000a8c80000)
 Metaspace       used 67184K, capacity 68760K, committed 68992K, reserved 1110016K
  class space    used 7652K, capacity 8043K, committed 8064K, reserved 1048576K
}
Event: 4072,866 GC heap before
{Heap before GC invocations=26 (full 5):
 PSYoungGen      total 307200K, used 287520K [0x00000000e0000000, 0x00000000f5e00000, 0x0000000100000000)
  eden space 261632K, 100% used [0x00000000e0000000,0x00000000eff80000,0x00000000eff80000)
  from space 45568K, 56% used [0x00000000f2c00000,0x00000000f4548298,0x00000000f5880000)
  to   space 45568K, 0% used [0x00000000eff80000,0x00000000eff80000,0x00000000f2c00000)
 ParOldGen       total 143872K, used 81077K [0x00000000a0000000, 0x00000000a8c80000, 0x00000000e0000000)
  object space 143872K, 56% used [0x00000000a0000000,0x00000000a4f2d5f0,0x00000000a8c80000)
 Metaspace       used 70117K, capacity 72274K, committed 72448K, reserved 1114112K
  class space    used 7925K, capacity 8426K, committed 8448K, reserved 1048576K
Event: 4073,598 GC heap after
Heap after GC invocations=26 (full 5):
 PSYoungGen      total 307200K, used 44306K [0x00000000e0000000, 0x00000000f9f00000, 0x0000000100000000)
  eden space 261632K, 0% used [0x00000000e0000000,0x00000000e0000000,0x00000000eff80000)
  from space 45568K, 97% used [0x00000000eff80000,0x00000000f2ac4898,0x00000000f2c00000)
  to   space 52224K, 0% used [0x00000000f6c00000,0x00000000f6c00000,0x00000000f9f00000)
 ParOldGen       total 143872K, used 81549K [0x00000000a0000000, 0x00000000a8c80000, 0x00000000e0000000)
  object space 143872K, 56% used [0x00000000a0000000,0x00000000a4fa3630,0x00000000a8c80000)
 Metaspace       used 70117K, capacity 72274K, committed 72448K, reserved 1114112K
  class space    used 7925K, capacity 8426K, committed 8448K, reserved 1048576K
}
Event: 4169,650 GC heap before
{Heap before GC invocations=27 (full 5):
 PSYoungGen      total 307200K, used 305938K [0x00000000e0000000, 0x00000000f9f00000, 0x0000000100000000)
  eden space 261632K, 100% used [0x00000000e0000000,0x00000000eff80000,0x00000000eff80000)
  from space 45568K, 97% used [0x00000000eff80000,0x00000000f2ac4898,0x00000000f2c00000)
  to   space 52224K, 0% used [0x00000000f6c00000,0x00000000f6c00000,0x00000000f9f00000)
 ParOldGen       total 143872K, used 81549K [0x00000000a0000000, 0x00000000a8c80000, 0x00000000e0000000)
  object space 143872K, 56% used [0x00000000a0000000,0x00000000a4fa3630,0x00000000a8c80000)
 Metaspace       used 71727K, capacity 74108K, committed 74240K, reserved 1114112K
  class space    used 8089K, capacity 8648K, committed 8704K, reserved 1048576K
Event: 4170,001 GC heap after
Heap after GC invocations=27 (full 5):
 PSYoungGen      total 357376K, used 28684K [0x00000000e0000000, 0x00000000f9700000, 0x0000000100000000)
  eden space 313344K, 0% used [0x00000000e0000000,0x00000000e0000000,0x00000000f3200000)
  from space 44032K, 65% used [0x00000000f6c00000,0x00000000f88033e0,0x00000000f9700000)
  to   space 51712K, 0% used [0x00000000f3200000,0x00000000f3200000,0x00000000f6480000)
 ParOldGen       total 143872K, used 91119K [0x00000000a0000000, 0x00000000a8c80000, 0x00000000e0000000)
  object space 143872K, 63% used [0x00000000a0000000,0x00000000a58fbfc0,0x00000000a8c80000)
 Metaspace       used 71727K, capacity 74108K, committed 74240K, reserved 1114112K
  class space    used 8089K, capacity 8648K, committed 8704K, reserved 1048576K
}
Event: 4266,803 GC heap before
{Heap before GC invocations=28 (full 5):
 PSYoungGen      total 357376K, used 342028K [0x00000000e0000000, 0x00000000f9700000, 0x0000000100000000)
  eden space 313344K, 100% used [0x00000000e0000000,0x00000000f3200000,0x00000000f3200000)
  from space 44032K, 65% used [0x00000000f6c00000,0x00000000f88033e0,0x00000000f9700000)
  to   space 51712K, 0% used [0x00000000f3200000,0x00000000f3200000,0x00000000f6480000)
 ParOldGen       total 143872K, used 91119K [0x00000000a0000000, 0x00000000a8c80000, 0x00000000e0000000)
  object space 143872K, 63% used [0x00000000a0000000,0x00000000a58fbfc0,0x00000000a8c80000)
 Metaspace       used 73842K, capacity 76548K, committed 76800K, reserved 1118208K
  class space    used 8296K, capacity 8947K, committed 8960K, reserved 1048576K

